<?xml version="1.0" encoding="UTF-8" ?>
<testsuite failures="0" time="1.213" errors="0" skipped="0" tests="1" name="uk.co.bbc.training.BusyTaskTest">
  <properties>
    <property name="java.vendor" value="Oracle Corporation"/>
    <property name="sun.java.launcher" value="SUN_STANDARD"/>
    <property name="sun.management.compiler" value="HotSpot 64-Bit Tiered Compilers"/>
    <property name="https.proxyHost" value="www-cache.reith.bbc.co.uk"/>
    <property name="os.name" value="Mac OS X"/>
    <property name="sun.boot.class.path" value="/Library/Java/JavaVirtualMachines/jdk1.7.0_79.jdk/Contents/Home/jre/lib/resources.jar:/Library/Java/JavaVirtualMachines/jdk1.7.0_79.jdk/Contents/Home/jre/lib/rt.jar:/Library/Java/JavaVirtualMachines/jdk1.7.0_79.jdk/Contents/Home/jre/lib/sunrsasign.jar:/Library/Java/JavaVirtualMachines/jdk1.7.0_79.jdk/Contents/Home/jre/lib/jsse.jar:/Library/Java/JavaVirtualMachines/jdk1.7.0_79.jdk/Contents/Home/jre/lib/jce.jar:/Library/Java/JavaVirtualMachines/jdk1.7.0_79.jdk/Contents/Home/jre/lib/charsets.jar:/Library/Java/JavaVirtualMachines/jdk1.7.0_79.jdk/Contents/Home/jre/lib/jfr.jar:/Library/Java/JavaVirtualMachines/jdk1.7.0_79.jdk/Contents/Home/jre/classes"/>
    <property name="user.country.format" value="GB"/>
    <property name="java.vm.specification.vendor" value="Oracle Corporation"/>
    <property name="java.runtime.version" value="1.7.0_79-b15"/>
    <property name="http.proxyPort" value="80"/>
    <property name="javax.net.ssl.keyStore" value="/Users/lipskp01/.certs/dev.bbc.co.uk.p12"/>
    <property name="user.name" value="lipskp01"/>
    <property name="guice.disable.misplaced.annotation.check" value="true"/>
    <property name="socksProxyHost" value=""/>
    <property name="user.language" value="en"/>
    <property name="sun.boot.library.path" value="/Library/Java/JavaVirtualMachines/jdk1.7.0_79.jdk/Contents/Home/jre/lib"/>
    <property name="classworlds.conf" value="/usr/local/Cellar/maven/3.3.9/libexec/bin/m2.conf"/>
    <property name="java.version" value="1.7.0_79"/>
    <property name="gopherProxyHost" value="www-cache.reith.bbc.co.uk"/>
    <property name="user.timezone" value="Europe/London"/>
    <property name="sun.arch.data.model" value="64"/>
    <property name="http.nonProxyHosts" value="&quot;localhost|national.core.bbc.co.uk|*.sandbox.dev.bbc.co.uk|192.168.192.10&quot;"/>
    <property name="java.endorsed.dirs" value="/Library/Java/JavaVirtualMachines/jdk1.7.0_79.jdk/Contents/Home/jre/lib/endorsed"/>
    <property name="sun.cpu.isalist" value=""/>
    <property name="sun.jnu.encoding" value="UTF-8"/>
    <property name="file.encoding.pkg" value="sun.io"/>
    <property name="file.separator" value="/"/>
    <property name="java.specification.name" value="Java Platform API Specification"/>
    <property name="java.class.version" value="51.0"/>
    <property name="user.country" value="US"/>
    <property name="java.home" value="/Library/Java/JavaVirtualMachines/jdk1.7.0_79.jdk/Contents/Home/jre"/>
    <property name="java.vm.info" value="mixed mode"/>
    <property name="os.version" value="10.10.5"/>
    <property name="https.proxyPort" value="80"/>
    <property name="ftp.proxyHost" value="ftp-gw.reith.bbc.co.uk"/>
    <property name="path.separator" value=":"/>
    <property name="java.vm.version" value="24.79-b02"/>
    <property name="java.awt.printerjob" value="sun.lwawt.macosx.CPrinterJob"/>
    <property name="sun.io.unicode.encoding" value="UnicodeBig"/>
    <property name="awt.toolkit" value="sun.lwawt.macosx.LWCToolkit"/>
    <property name="socksNonProxyHosts" value="core.bbc.co.uk|*.core.bbc.co.uk|gateway.bbc.co.uk|*.gateway.bbc.co.uk|local|*.local|169.254/16|*.169.254/16|10/8|*.10/8|sso.bbc.co.uk|*.sso.bbc.co.uk|212.58/16|*.212.58/16|54.84/16|*.54.84/16"/>
    <property name="ftp.nonProxyHosts" value="core.bbc.co.uk|*.core.bbc.co.uk|gateway.bbc.co.uk|*.gateway.bbc.co.uk|local|*.local|169.254/16|*.169.254/16|10/8|*.10/8|sso.bbc.co.uk|*.sso.bbc.co.uk|212.58/16|*.212.58/16|54.84/16|*.54.84/16"/>
    <property name="user.home" value="/Users/lipskp01"/>
    <property name="socksProxyPort" value="0"/>
    <property name="java.specification.vendor" value="Oracle Corporation"/>
    <property name="java.library.path" value="/Users/lipskp01/Library/Java/Extensions:/Library/Java/Extensions:/Network/Library/Java/Extensions:/System/Library/Java/Extensions:/usr/lib/java:."/>
    <property name="java.vendor.url" value="http://java.oracle.com/"/>
    <property name="javax.net.ssl.keyStoreType" value="PKCS12"/>
    <property name="java.vm.vendor" value="Oracle Corporation"/>
    <property name="gopherProxySet" value="true"/>
    <property name="maven.home" value="/usr/local/Cellar/maven/3.3.9/libexec"/>
    <property name="java.runtime.name" value="Java(TM) SE Runtime Environment"/>
    <property name="sun.java.command" value="org.codehaus.plexus.classworlds.launcher.Launcher clean install"/>
    <property name="java.class.path" value="/usr/local/Cellar/maven/3.3.9/libexec/boot/plexus-classworlds-2.5.2.jar"/>
    <property name="gopherProxyPort" value="80"/>
    <property name="java.vm.specification.name" value="Java Virtual Machine Specification"/>
    <property name="java.vm.specification.version" value="1.7"/>
    <property name="sun.cpu.endian" value="little"/>
    <property name="sun.os.patch.level" value="unknown"/>
    <property name="java.io.tmpdir" value="/var/folders/jr/m5knkc9x3g7g1twb9x1375gw2ry63h/T/"/>
    <property name="java.vendor.url.bug" value="http://bugreport.sun.com/bugreport/"/>
    <property name="maven.multiModuleProjectDirectory" value="/Users/lipskp01/Downloads/lipskp01-cosmos-training"/>
    <property name="http.proxyHost" value="www-cache.reith.bbc.co.uk"/>
    <property name="os.arch" value="x86_64"/>
    <property name="java.awt.graphicsenv" value="sun.awt.CGraphicsEnvironment"/>
    <property name="java.ext.dirs" value="/Users/lipskp01/Library/Java/Extensions:/Library/Java/JavaVirtualMachines/jdk1.7.0_79.jdk/Contents/Home/jre/lib/ext:/Library/Java/Extensions:/Network/Library/Java/Extensions:/System/Library/Java/Extensions:/usr/lib/java"/>
    <property name="ftp.proxyPort" value="21"/>
    <property name="user.dir" value="/Users/lipskp01/Downloads/lipskp01-cosmos-training"/>
    <property name="line.separator" value="
"/>
    <property name="java.vm.name" value="Java HotSpot(TM) 64-Bit Server VM"/>
    <property name="file.encoding" value="UTF-8"/>
    <property name="java.specification.version" value="1.7"/>
    <property name="javax.net.ssl.trustStore" value="/Users/lipskp01/.certs/jssecacerts"/>
    <property name="javax.net.ssl.keyStorePassword" value="dev.bbc.co.uk"/>
  </properties>
  <testcase time="1.213" classname="uk.co.bbc.training.BusyTaskTest" name="runsForSpecifiedNumberAmountOfTime"/>
</testsuite>